{"/Users/kid/Code/seedbox/kidibox-api/src/users/UserService.js":{"path":"/Users/kid/Code/seedbox/kidibox-api/src/users/UserService.js","s":{"1":1,"2":1,"3":1,"4":1,"5":2,"6":2,"7":2,"8":2,"9":2,"10":2,"11":1,"12":1,"13":1,"14":1,"15":0,"16":1,"17":1,"18":1,"19":1,"20":1,"21":0,"22":1,"23":1,"24":1,"25":1,"26":1,"27":1,"28":1,"29":1,"30":0,"31":1,"32":0,"33":0,"34":0,"35":0,"36":0,"37":0,"38":1,"39":1,"40":1},"b":{"1":[2,2],"2":[2,0],"3":[1,0],"4":[0,1],"5":[0,1],"6":[1,1],"7":[0,1],"8":[0,1],"9":[0,0],"10":[0,0],"11":[0,0],"12":[0,0],"13":[0,0,0],"14":[0,0],"15":[0,0],"16":[0,0],"17":[0,0],"18":[0,0],"19":[0,0],"20":[0,0]},"f":{"1":1,"2":1,"3":1,"4":1,"5":1,"6":1,"7":1,"8":1,"9":0,"10":0},"fnMap":{"1":{"name":"(anonymous_1)","line":8,"loc":{"start":{"line":8,"column":20},"end":{"line":8,"column":32}},"skip":true},"2":{"name":"defineProperties","line":8,"loc":{"start":{"line":8,"column":34},"end":{"line":8,"column":75}},"skip":true},"3":{"name":"(anonymous_3)","line":8,"loc":{"start":{"line":8,"column":358},"end":{"line":8,"column":406}},"skip":true},"4":{"name":"_interopRequireDefault","line":12,"loc":{"start":{"line":12,"column":0},"end":{"line":12,"column":37}},"skip":true},"5":{"name":"_classCallCheck","line":16,"loc":{"start":{"line":16,"column":0},"end":{"line":16,"column":48}},"skip":true},"6":{"name":"(anonymous_6)","line":24,"loc":{"start":{"line":24,"column":19},"end":{"line":24,"column":31}}},"7":{"name":"UserService","line":25,"loc":{"start":{"line":25,"column":2},"end":{"line":25,"column":25}}},"8":{"name":"hashPassword","line":31,"loc":{"start":{"line":31,"column":11},"end":{"line":31,"column":43}}},"9":{"name":"(anonymous_9)","line":34,"loc":{"start":{"line":34,"column":70},"end":{"line":34,"column":88}}},"10":{"name":"verifyPassword","line":40,"loc":{"start":{"line":40,"column":11},"end":{"line":40,"column":51}}}},"statementMap":{"1":{"start":{"line":3,"column":0},"end":{"line":5,"column":3}},"2":{"start":{"line":8,"column":0},"end":{"line":8,"column":566},"skip":true},"3":{"start":{"line":8,"column":34},"end":{"line":8,"column":350},"skip":true},"4":{"start":{"line":8,"column":77},"end":{"line":8,"column":348},"skip":true},"5":{"start":{"line":8,"column":118},"end":{"line":8,"column":144},"skip":true},"6":{"start":{"line":8,"column":145},"end":{"line":8,"column":200},"skip":true},"7":{"start":{"line":8,"column":201},"end":{"line":8,"column":232},"skip":true},"8":{"start":{"line":8,"column":233},"end":{"line":8,"column":287},"skip":true},"9":{"start":{"line":8,"column":260},"end":{"line":8,"column":287},"skip":true},"10":{"start":{"line":8,"column":288},"end":{"line":8,"column":346},"skip":true},"11":{"start":{"line":8,"column":351},"end":{"line":8,"column":560},"skip":true},"12":{"start":{"line":8,"column":408},"end":{"line":8,"column":476},"skip":true},"13":{"start":{"line":8,"column":424},"end":{"line":8,"column":476},"skip":true},"14":{"start":{"line":8,"column":477},"end":{"line":8,"column":537},"skip":true},"15":{"start":{"line":8,"column":494},"end":{"line":8,"column":537},"skip":true},"16":{"start":{"line":8,"column":538},"end":{"line":8,"column":557},"skip":true},"17":{"start":{"line":12,"column":0},"end":{"line":12,"column":97},"skip":true},"18":{"start":{"line":12,"column":39},"end":{"line":12,"column":95},"skip":true},"19":{"start":{"line":16,"column":0},"end":{"line":16,"column":153},"skip":true},"20":{"start":{"line":16,"column":50},"end":{"line":16,"column":151},"skip":true},"21":{"start":{"line":16,"column":92},"end":{"line":16,"column":149},"skip":true},"22":{"start":{"line":18,"column":0},"end":{"line":18,"column":32}},"23":{"start":{"line":20,"column":0},"end":{"line":20,"column":47}},"24":{"start":{"line":22,"column":0},"end":{"line":22,"column":52}},"25":{"start":{"line":24,"column":0},"end":{"line":49,"column":5}},"26":{"start":{"line":25,"column":2},"end":{"line":27,"column":3}},"27":{"start":{"line":26,"column":4},"end":{"line":26,"column":39}},"28":{"start":{"line":29,"column":2},"end":{"line":46,"column":6}},"29":{"start":{"line":32,"column":6},"end":{"line":32,"column":264}},"30":{"start":{"line":32,"column":40},"end":{"line":32,"column":264}},"31":{"start":{"line":34,"column":6},"end":{"line":36,"column":9}},"32":{"start":{"line":35,"column":8},"end":{"line":35,"column":38}},"33":{"start":{"line":41,"column":6},"end":{"line":41,"column":323}},"34":{"start":{"line":41,"column":94},"end":{"line":41,"column":323}},"35":{"start":{"line":42,"column":6},"end":{"line":42,"column":264}},"36":{"start":{"line":42,"column":40},"end":{"line":42,"column":264}},"37":{"start":{"line":44,"column":6},"end":{"line":44,"column":91}},"38":{"start":{"line":48,"column":2},"end":{"line":48,"column":21}},"39":{"start":{"line":51,"column":0},"end":{"line":51,"column":33}},"40":{"start":{"line":52,"column":0},"end":{"line":52,"column":36}}},"branchMap":{"1":{"line":8,"type":"binary-expr","locations":[{"start":{"line":8,"column":169},"end":{"line":8,"column":190},"skip":true},{"start":{"line":8,"column":194},"end":{"line":8,"column":199},"skip":true}]},"2":{"line":8,"type":"if","locations":[{"start":{"line":8,"column":233},"end":{"line":8,"column":233},"skip":true},{"start":{"line":8,"column":233},"end":{"line":8,"column":233},"skip":true}]},"3":{"line":8,"type":"if","locations":[{"start":{"line":8,"column":408},"end":{"line":8,"column":408},"skip":true},{"start":{"line":8,"column":408},"end":{"line":8,"column":408},"skip":true}]},"4":{"line":8,"type":"if","locations":[{"start":{"line":8,"column":477},"end":{"line":8,"column":477},"skip":true},{"start":{"line":8,"column":477},"end":{"line":8,"column":477},"skip":true}]},"5":{"line":12,"type":"cond-expr","locations":[{"start":{"line":12,"column":70},"end":{"line":12,"column":73},"skip":true},{"start":{"line":12,"column":76},"end":{"line":12,"column":94},"skip":true}]},"6":{"line":12,"type":"binary-expr","locations":[{"start":{"line":12,"column":46},"end":{"line":12,"column":49},"skip":true},{"start":{"line":12,"column":53},"end":{"line":12,"column":67},"skip":true}]},"7":{"line":16,"type":"if","locations":[{"start":{"line":16,"column":50},"end":{"line":16,"column":50},"skip":true},{"start":{"line":16,"column":50},"end":{"line":16,"column":50},"skip":true}]},"8":{"line":32,"type":"if","locations":[{"start":{"line":32,"column":6},"end":{"line":32,"column":6}},{"start":{"line":32,"column":6},"end":{"line":32,"column":6}}]},"9":{"line":32,"type":"cond-expr","locations":[{"start":{"line":32,"column":156},"end":{"line":32,"column":162}},{"start":{"line":32,"column":165},"end":{"line":32,"column":261}}]},"10":{"line":32,"type":"cond-expr","locations":[{"start":{"line":32,"column":218},"end":{"line":32,"column":243}},{"start":{"line":32,"column":246},"end":{"line":32,"column":261}}]},"11":{"line":32,"type":"binary-expr","locations":[{"start":{"line":32,"column":165},"end":{"line":32,"column":191}},{"start":{"line":32,"column":195},"end":{"line":32,"column":215}}]},"12":{"line":41,"type":"if","locations":[{"start":{"line":41,"column":6},"end":{"line":41,"column":6}},{"start":{"line":41,"column":6},"end":{"line":41,"column":6}}]},"13":{"line":41,"type":"binary-expr","locations":[{"start":{"line":41,"column":10},"end":{"line":41,"column":23}},{"start":{"line":41,"column":27},"end":{"line":41,"column":51}},{"start":{"line":41,"column":55},"end":{"line":41,"column":92}}]},"14":{"line":41,"type":"cond-expr","locations":[{"start":{"line":41,"column":231},"end":{"line":41,"column":237}},{"start":{"line":41,"column":240},"end":{"line":41,"column":320}}]},"15":{"line":41,"type":"cond-expr","locations":[{"start":{"line":41,"column":285},"end":{"line":41,"column":306}},{"start":{"line":41,"column":309},"end":{"line":41,"column":320}}]},"16":{"line":41,"type":"binary-expr","locations":[{"start":{"line":41,"column":240},"end":{"line":41,"column":262}},{"start":{"line":41,"column":266},"end":{"line":41,"column":282}}]},"17":{"line":42,"type":"if","locations":[{"start":{"line":42,"column":6},"end":{"line":42,"column":6}},{"start":{"line":42,"column":6},"end":{"line":42,"column":6}}]},"18":{"line":42,"type":"cond-expr","locations":[{"start":{"line":42,"column":156},"end":{"line":42,"column":162}},{"start":{"line":42,"column":165},"end":{"line":42,"column":261}}]},"19":{"line":42,"type":"cond-expr","locations":[{"start":{"line":42,"column":218},"end":{"line":42,"column":243}},{"start":{"line":42,"column":246},"end":{"line":42,"column":261}}]},"20":{"line":42,"type":"binary-expr","locations":[{"start":{"line":42,"column":165},"end":{"line":42,"column":191}},{"start":{"line":42,"column":195},"end":{"line":42,"column":215}}]}}}}