TN:
SF:/Users/kid/Code/seedbox/kidibox-api/src/users/UserService.js
FN:8,(anonymous_1)
FN:8,defineProperties
FN:8,(anonymous_3)
FN:12,_interopRequireDefault
FN:16,_classCallCheck
FN:24,(anonymous_6)
FN:25,UserService
FN:31,hashPassword
FN:34,(anonymous_9)
FN:40,verifyPassword
FNF:10
FNH:8
FNDA:1,(anonymous_1)
FNDA:1,defineProperties
FNDA:1,(anonymous_3)
FNDA:1,_interopRequireDefault
FNDA:1,_classCallCheck
FNDA:1,(anonymous_6)
FNDA:1,UserService
FNDA:1,hashPassword
FNDA:0,(anonymous_9)
FNDA:0,verifyPassword
DA:3,1
DA:8,2
DA:12,1
DA:16,1
DA:18,1
DA:20,1
DA:22,1
DA:24,1
DA:25,1
DA:26,1
DA:29,1
DA:32,1
DA:34,1
DA:35,0
DA:41,0
DA:42,0
DA:44,0
DA:48,1
DA:51,1
DA:52,1
LF:20
LH:16
BRDA:8,1,0,2
BRDA:8,1,1,2
BRDA:8,2,0,2
BRDA:8,2,1,0
BRDA:8,3,0,1
BRDA:8,3,1,0
BRDA:8,4,0,0
BRDA:8,4,1,1
BRDA:12,5,0,0
BRDA:12,5,1,1
BRDA:12,6,0,1
BRDA:12,6,1,1
BRDA:16,7,0,0
BRDA:16,7,1,1
BRDA:32,8,0,0
BRDA:32,8,1,1
BRDA:32,9,0,0
BRDA:32,9,1,0
BRDA:32,10,0,0
BRDA:32,10,1,0
BRDA:32,11,0,0
BRDA:32,11,1,0
BRDA:41,12,0,0
BRDA:41,12,1,0
BRDA:41,13,0,0
BRDA:41,13,1,0
BRDA:41,13,2,0
BRDA:41,14,0,0
BRDA:41,14,1,0
BRDA:41,15,0,0
BRDA:41,15,1,0
BRDA:41,16,0,0
BRDA:41,16,1,0
BRDA:42,17,0,0
BRDA:42,17,1,0
BRDA:42,18,0,0
BRDA:42,18,1,0
BRDA:42,19,0,0
BRDA:42,19,1,0
BRDA:42,20,0,0
BRDA:42,20,1,0
BRF:41
BRH:15
end_of_record
